<?xml version="1.0" encoding="UTF-8"?>
<!-- Generated by org.testng.reporters.JUnitXMLReporter -->
<testsuite ignored="8" hostname="LAPTOP-NTN3EF9E" failures="0" tests="1" name="Default test" time="2.455" errors="0" timestamp="24 Apr 2022 10:08:30 GMT">
  <testcase classname="RestMethods.RESTswaggerAPI" name="postMethodwithJsonFileValidation" time="2.44"/>
  <testcase classname="RestMethods.RESTswaggerAPI" name="putMethodwithJsonFile" time="0.0">
    <ignored/>
  </testcase> <!-- putMethodwithJsonFile -->
  <testcase classname="RestMethods.RESTswaggerAPI" name="postMethodwithJsonFile" time="0.0">
    <ignored/>
  </testcase> <!-- postMethodwithJsonFile -->
  <testcase classname="RestMethods.RESTswaggerAPI" name="getMethod" time="0.0">
    <ignored/>
  </testcase> <!-- getMethod -->
  <testcase classname="RestMethods.RESTswaggerAPI" name="postMethod404" time="0.0">
    <ignored/>
  </testcase> <!-- postMethod404 -->
  <testcase classname="RestMethods.RESTswaggerAPI" name="getMethod404" time="0.0">
    <ignored/>
  </testcase> <!-- getMethod404 -->
  <testcase classname="RestMethods.RESTswaggerAPI" name="deleteMethod" time="0.0">
    <ignored/>
  </testcase> <!-- deleteMethod -->
  <testcase classname="RestMethods.RESTswaggerAPI" name="postMethod" time="0.0">
    <ignored/>
  </testcase> <!-- postMethod -->
  <testcase classname="RestMethods.RESTswaggerAPI" name="putMethod" time="0.0">
    <ignored/>
  </testcase> <!-- putMethod -->
</testsuite> <!-- Default test -->
