<?xml version="1.0" encoding="UTF-8"?>
<testng-results ignored="8" total="9" passed="1" failed="0" skipped="0">
  <reporter-output>
  </reporter-output>
  <suite started-at="2022-04-24T10:08:28Z" name="Default suite" finished-at="2022-04-24T10:08:30Z" duration-ms="2455">
    <groups>
    </groups>
    <test started-at="2022-04-24T10:08:28Z" name="Default test" finished-at="2022-04-24T10:08:30Z" duration-ms="2455">
      <class name="RestMethods.RESTswaggerAPI">
        <test-method signature="postMethodwithJsonFileValidation()[pri:0, instance:RestMethods.RESTswaggerAPI@44c73c26]" started-at="2022-04-24T15:38:28Z" name="postMethodwithJsonFileValidation" description="Post method with json file, perform assertion to check whether any 
     paramater code exist or not" finished-at="2022-04-24T15:38:30Z" duration-ms="2440" status="PASS">
          <reporter-output>
          </reporter-output>
        </test-method> <!-- postMethodwithJsonFileValidation -->
      </class> <!-- RestMethods.RESTswaggerAPI -->
    </test> <!-- Default test -->
  </suite> <!-- Default suite -->
</testng-results>
